This file contains any messages produced by compilers while
running configure, to aid debugging if configure makes a mistake.

It was created by kalibrate configure 0.4.1, which was
generated by GNU Autoconf 2.69.  Invocation command line was

  $ ./configure 

## --------- ##
## Platform. ##
## --------- ##

hostname = skyshell-pc
uname -m = x86_64
uname -r = 4.10.0-35-generic
uname -s = Linux
uname -v = #39~16.04.1-Ubuntu SMP Wed Sep 13 09:02:42 UTC 2017

/usr/bin/uname -p = unknown
/bin/uname -X     = unknown

/bin/arch              = unknown
/usr/bin/arch -k       = unknown
/usr/convex/getsysinfo = unknown
/usr/bin/hostinfo      = unknown
/bin/machine           = unknown
/usr/bin/oslevel       = unknown
/bin/universe          = unknown

PATH: /home/skyshell/bin
PATH: /home/skyshell/platform-tools
PATH: /home/skyshell/bin
PATH: /home/skyshell/.local/bin
PATH: /usr/local/sbin
PATH: /usr/local/bin
PATH: /usr/sbin
PATH: /usr/bin
PATH: /sbin
PATH: /bin
PATH: /usr/games
PATH: /usr/local/games
PATH: /snap/bin


## ----------- ##
## Core tests. ##
## ----------- ##

configure:2346: checking for a BSD-compatible install
configure:2414: result: /usr/bin/install -c
configure:2425: checking whether build environment is sane
configure:2480: result: yes
configure:2631: checking for a thread-safe mkdir -p
configure:2670: result: /bin/mkdir -p
configure:2677: checking for gawk
configure:2707: result: no
configure:2677: checking for mawk
configure:2693: found /usr/bin/mawk
configure:2704: result: mawk
configure:2715: checking whether make sets $(MAKE)
configure:2737: result: yes
configure:2766: checking whether make supports nested variables
configure:2783: result: yes
configure:2971: checking for g++
configure:2987: found /usr/bin/g++
configure:2998: result: g++
configure:3025: checking for C++ compiler version
configure:3034: g++ --version >&5
g++ (Ubuntu 5.4.0-6ubuntu1~16.04.4) 5.4.0 20160609
Copyright (C) 2015 Free Software Foundation, Inc.
This is free software; see the source for copying conditions.  There is NO
warranty; not even for MERCHANTABILITY or FITNESS FOR A PARTICULAR PURPOSE.

configure:3045: $? = 0
configure:3034: g++ -v >&5
Using built-in specs.
COLLECT_GCC=g++
COLLECT_LTO_WRAPPER=/usr/lib/gcc/x86_64-linux-gnu/5/lto-wrapper
Target: x86_64-linux-gnu
Configured with: ../src/configure -v --with-pkgversion='Ubuntu 5.4.0-6ubuntu1~16.04.4' --with-bugurl=file:///usr/share/doc/gcc-5/README.Bugs --enable-languages=c,ada,c++,java,go,d,fortran,objc,obj-c++ --prefix=/usr --program-suffix=-5 --enable-shared --enable-linker-build-id --libexecdir=/usr/lib --without-included-gettext --enable-threads=posix --libdir=/usr/lib --enable-nls --with-sysroot=/ --enable-clocale=gnu --enable-libstdcxx-debug --enable-libstdcxx-time=yes --with-default-libstdcxx-abi=new --enable-gnu-unique-object --disable-vtable-verify --enable-libmpx --enable-plugin --with-system-zlib --disable-browser-plugin --enable-java-awt=gtk --enable-gtk-cairo --with-java-home=/usr/lib/jvm/java-1.5.0-gcj-5-amd64/jre --enable-java-home --with-jvm-root-dir=/usr/lib/jvm/java-1.5.0-gcj-5-amd64 --with-jvm-jar-dir=/usr/lib/jvm-exports/java-1.5.0-gcj-5-amd64 --with-arch-directory=amd64 --with-ecj-jar=/usr/share/java/eclipse-ecj.jar --enable-objc-gc --enable-multiarch --disable-werror --with-arch-32=i686 --with-abi=m64 --with-multilib-list=m32,m64,mx32 --enable-multilib --with-tune=generic --enable-checking=release --build=x86_64-linux-gnu --host=x86_64-linux-gnu --target=x86_64-linux-gnu
Thread model: posix
gcc version 5.4.0 20160609 (Ubuntu 5.4.0-6ubuntu1~16.04.4) 
configure:3045: $? = 0
configure:3034: g++ -V >&5
g++: error: unrecognized command line option '-V'
g++: fatal error: no input files
compilation terminated.
configure:3045: $? = 1
configure:3034: g++ -qversion >&5
g++: error: unrecognized command line option '-qversion'
g++: fatal error: no input files
compilation terminated.
configure:3045: $? = 1
configure:3065: checking whether the C++ compiler works
configure:3087: g++    conftest.cpp  >&5
configure:3091: $? = 0
configure:3139: result: yes
configure:3142: checking for C++ compiler default output file name
configure:3144: result: a.out
configure:3150: checking for suffix of executables
configure:3157: g++ -o conftest    conftest.cpp  >&5
configure:3161: $? = 0
configure:3183: result: 
configure:3205: checking whether we are cross compiling
configure:3213: g++ -o conftest    conftest.cpp  >&5
configure:3217: $? = 0
configure:3224: ./conftest
configure:3228: $? = 0
configure:3243: result: no
configure:3248: checking for suffix of object files
configure:3270: g++ -c   conftest.cpp >&5
configure:3274: $? = 0
configure:3295: result: o
configure:3299: checking whether we are using the GNU C++ compiler
configure:3318: g++ -c   conftest.cpp >&5
configure:3318: $? = 0
configure:3327: result: yes
configure:3336: checking whether g++ accepts -g
configure:3356: g++ -c -g  conftest.cpp >&5
configure:3356: $? = 0
configure:3397: result: yes
configure:3431: checking for style of include used by make
configure:3459: result: GNU
configure:3485: checking dependency style of g++
configure:3596: result: gcc3
configure:3659: checking for gcc
configure:3675: found /usr/bin/gcc
configure:3686: result: gcc
configure:3915: checking for C compiler version
configure:3924: gcc --version >&5
gcc (Ubuntu 5.4.0-6ubuntu1~16.04.4) 5.4.0 20160609
Copyright (C) 2015 Free Software Foundation, Inc.
This is free software; see the source for copying conditions.  There is NO
warranty; not even for MERCHANTABILITY or FITNESS FOR A PARTICULAR PURPOSE.

configure:3935: $? = 0
configure:3924: gcc -v >&5
Using built-in specs.
COLLECT_GCC=gcc
COLLECT_LTO_WRAPPER=/usr/lib/gcc/x86_64-linux-gnu/5/lto-wrapper
Target: x86_64-linux-gnu
Configured with: ../src/configure -v --with-pkgversion='Ubuntu 5.4.0-6ubuntu1~16.04.4' --with-bugurl=file:///usr/share/doc/gcc-5/README.Bugs --enable-languages=c,ada,c++,java,go,d,fortran,objc,obj-c++ --prefix=/usr --program-suffix=-5 --enable-shared --enable-linker-build-id --libexecdir=/usr/lib --without-included-gettext --enable-threads=posix --libdir=/usr/lib --enable-nls --with-sysroot=/ --enable-clocale=gnu --enable-libstdcxx-debug --enable-libstdcxx-time=yes --with-default-libstdcxx-abi=new --enable-gnu-unique-object --disable-vtable-verify --enable-libmpx --enable-plugin --with-system-zlib --disable-browser-plugin --enable-java-awt=gtk --enable-gtk-cairo --with-java-home=/usr/lib/jvm/java-1.5.0-gcj-5-amd64/jre --enable-java-home --with-jvm-root-dir=/usr/lib/jvm/java-1.5.0-gcj-5-amd64 --with-jvm-jar-dir=/usr/lib/jvm-exports/java-1.5.0-gcj-5-amd64 --with-arch-directory=amd64 --with-ecj-jar=/usr/share/java/eclipse-ecj.jar --enable-objc-gc --enable-multiarch --disable-werror --with-arch-32=i686 --with-abi=m64 --with-multilib-list=m32,m64,mx32 --enable-multilib --with-tune=generic --enable-checking=release --build=x86_64-linux-gnu --host=x86_64-linux-gnu --target=x86_64-linux-gnu
Thread model: posix
gcc version 5.4.0 20160609 (Ubuntu 5.4.0-6ubuntu1~16.04.4) 
configure:3935: $? = 0
configure:3924: gcc -V >&5
gcc: error: unrecognized command line option '-V'
gcc: fatal error: no input files
compilation terminated.
configure:3935: $? = 1
configure:3924: gcc -qversion >&5
gcc: error: unrecognized command line option '-qversion'
gcc: fatal error: no input files
compilation terminated.
configure:3935: $? = 1
configure:3939: checking whether we are using the GNU C compiler
configure:3958: gcc -c   conftest.c >&5
configure:3958: $? = 0
configure:3967: result: yes
configure:3976: checking whether gcc accepts -g
configure:3996: gcc -c -g  conftest.c >&5
configure:3996: $? = 0
configure:4037: result: yes
configure:4054: checking for gcc option to accept ISO C89
configure:4117: gcc  -c -g -O2  conftest.c >&5
configure:4117: $? = 0
configure:4130: result: none needed
configure:4155: checking whether gcc understands -c and -o together
configure:4177: gcc -c conftest.c -o conftest2.o
configure:4180: $? = 0
configure:4177: gcc -c conftest.c -o conftest2.o
configure:4180: $? = 0
configure:4192: result: yes
configure:4211: checking dependency style of gcc
configure:4322: result: gcc3
configure:4337: checking whether ln -s works
configure:4341: result: yes
configure:4391: checking for ranlib
configure:4407: found /usr/bin/ranlib
configure:4418: result: ranlib
configure:4448: checking how to run the C preprocessor
configure:4479: gcc -E  conftest.c
configure:4479: $? = 0
configure:4493: gcc -E  conftest.c
conftest.c:11:28: fatal error: ac_nonexistent.h: No such file or directory
compilation terminated.
configure:4493: $? = 1
configure: failed program was:
| /* confdefs.h */
| #define PACKAGE_NAME "kalibrate"
| #define PACKAGE_TARNAME "kal"
| #define PACKAGE_VERSION "0.4.1"
| #define PACKAGE_STRING "kalibrate 0.4.1"
| #define PACKAGE_BUGREPORT "jl@thre.at"
| #define PACKAGE_URL ""
| #define PACKAGE "kal"
| #define VERSION "0.4.1"
| /* end confdefs.h.  */
| #include <ac_nonexistent.h>
configure:4518: result: gcc -E
configure:4538: gcc -E  conftest.c
configure:4538: $? = 0
configure:4552: gcc -E  conftest.c
conftest.c:11:28: fatal error: ac_nonexistent.h: No such file or directory
compilation terminated.
configure:4552: $? = 1
configure: failed program was:
| /* confdefs.h */
| #define PACKAGE_NAME "kalibrate"
| #define PACKAGE_TARNAME "kal"
| #define PACKAGE_VERSION "0.4.1"
| #define PACKAGE_STRING "kalibrate 0.4.1"
| #define PACKAGE_BUGREPORT "jl@thre.at"
| #define PACKAGE_URL ""
| #define PACKAGE "kal"
| #define VERSION "0.4.1"
| /* end confdefs.h.  */
| #include <ac_nonexistent.h>
configure:4581: checking for grep that handles long lines and -e
configure:4639: result: /bin/grep
configure:4644: checking for egrep
configure:4706: result: /bin/grep -E
configure:4711: checking for ANSI C header files
configure:4731: gcc -c -g -O2  conftest.c >&5
configure:4731: $? = 0
configure:4804: gcc -o conftest -g -O2   conftest.c  >&5
configure:4804: $? = 0
configure:4804: ./conftest
configure:4804: $? = 0
configure:4815: result: yes
configure:4828: checking for sys/types.h
configure:4828: gcc -c -g -O2  conftest.c >&5
configure:4828: $? = 0
configure:4828: result: yes
configure:4828: checking for sys/stat.h
configure:4828: gcc -c -g -O2  conftest.c >&5
configure:4828: $? = 0
configure:4828: result: yes
configure:4828: checking for stdlib.h
configure:4828: gcc -c -g -O2  conftest.c >&5
configure:4828: $? = 0
configure:4828: result: yes
configure:4828: checking for string.h
configure:4828: gcc -c -g -O2  conftest.c >&5
configure:4828: $? = 0
configure:4828: result: yes
configure:4828: checking for memory.h
configure:4828: gcc -c -g -O2  conftest.c >&5
configure:4828: $? = 0
configure:4828: result: yes
configure:4828: checking for strings.h
configure:4828: gcc -c -g -O2  conftest.c >&5
configure:4828: $? = 0
configure:4828: result: yes
configure:4828: checking for inttypes.h
configure:4828: gcc -c -g -O2  conftest.c >&5
configure:4828: $? = 0
configure:4828: result: yes
configure:4828: checking for stdint.h
configure:4828: gcc -c -g -O2  conftest.c >&5
configure:4828: $? = 0
configure:4828: result: yes
configure:4828: checking for unistd.h
configure:4828: gcc -c -g -O2  conftest.c >&5
configure:4828: $? = 0
configure:4828: result: yes
configure:4843: checking for stdlib.h
configure:4843: result: yes
configure:4843: checking for string.h
configure:4843: result: yes
configure:4843: checking sys/time.h usability
configure:4843: gcc -c -g -O2  conftest.c >&5
configure:4843: $? = 0
configure:4843: result: yes
configure:4843: checking sys/time.h presence
configure:4843: gcc -E  conftest.c
configure:4843: $? = 0
configure:4843: result: yes
configure:4843: checking for sys/time.h
configure:4843: result: yes
configure:4843: checking for unistd.h
configure:4843: result: yes
configure:4855: checking for stdbool.h that conforms to C99
configure:4922: gcc -c -g -O2  conftest.c >&5
configure:4922: $? = 0
configure:4929: result: yes
configure:4931: checking for _Bool
configure:4931: gcc -c -g -O2  conftest.c >&5
configure:4931: $? = 0
configure:4931: gcc -c -g -O2  conftest.c >&5
conftest.c: In function 'main':
conftest.c:61:20: error: expected expression before ')' token
 if (sizeof ((_Bool)))
                    ^
configure:4931: $? = 1
configure: failed program was:
| /* confdefs.h */
| #define PACKAGE_NAME "kalibrate"
| #define PACKAGE_TARNAME "kal"
| #define PACKAGE_VERSION "0.4.1"
| #define PACKAGE_STRING "kalibrate 0.4.1"
| #define PACKAGE_BUGREPORT "jl@thre.at"
| #define PACKAGE_URL ""
| #define PACKAGE "kal"
| #define VERSION "0.4.1"
| #define STDC_HEADERS 1
| #define HAVE_SYS_TYPES_H 1
| #define HAVE_SYS_STAT_H 1
| #define HAVE_STDLIB_H 1
| #define HAVE_STRING_H 1
| #define HAVE_MEMORY_H 1
| #define HAVE_STRINGS_H 1
| #define HAVE_INTTYPES_H 1
| #define HAVE_STDINT_H 1
| #define HAVE_UNISTD_H 1
| #define HAVE_STDLIB_H 1
| #define HAVE_STRING_H 1
| #define HAVE_SYS_TIME_H 1
| #define HAVE_UNISTD_H 1
| /* end confdefs.h.  */
| #include <stdio.h>
| #ifdef HAVE_SYS_TYPES_H
| # include <sys/types.h>
| #endif
| #ifdef HAVE_SYS_STAT_H
| # include <sys/stat.h>
| #endif
| #ifdef STDC_HEADERS
| # include <stdlib.h>
| # include <stddef.h>
| #else
| # ifdef HAVE_STDLIB_H
| #  include <stdlib.h>
| # endif
| #endif
| #ifdef HAVE_STRING_H
| # if !defined STDC_HEADERS && defined HAVE_MEMORY_H
| #  include <memory.h>
| # endif
| # include <string.h>
| #endif
| #ifdef HAVE_STRINGS_H
| # include <strings.h>
| #endif
| #ifdef HAVE_INTTYPES_H
| # include <inttypes.h>
| #endif
| #ifdef HAVE_STDINT_H
| # include <stdint.h>
| #endif
| #ifdef HAVE_UNISTD_H
| # include <unistd.h>
| #endif
| int
| main ()
| {
| if (sizeof ((_Bool)))
| 	    return 0;
|   ;
|   return 0;
| }
configure:4931: result: yes
configure:4948: checking for inline
configure:4964: gcc -c -g -O2  conftest.c >&5
configure:4964: $? = 0
configure:4972: result: inline
configure:4992: checking for working strtod
configure:5033: gcc -o conftest -g -O2   conftest.c  >&5
configure:5033: $? = 0
configure:5033: ./conftest
configure:5033: $? = 0
configure:5043: result: yes
configure:5108: checking for floor
configure:5108: gcc -o conftest -g -O2   conftest.c  >&5
conftest.c:50:6: warning: conflicting types for built-in function 'floor'
 char floor ();
      ^
/tmp/ccYUApAx.o: In function `main':
/home/skyshell/limeSDR/kalibrate/kalibrate-lime/conftest.c:61: undefined reference to `floor'
collect2: error: ld returned 1 exit status
configure:5108: $? = 1
configure: failed program was:
| /* confdefs.h */
| #define PACKAGE_NAME "kalibrate"
| #define PACKAGE_TARNAME "kal"
| #define PACKAGE_VERSION "0.4.1"
| #define PACKAGE_STRING "kalibrate 0.4.1"
| #define PACKAGE_BUGREPORT "jl@thre.at"
| #define PACKAGE_URL ""
| #define PACKAGE "kal"
| #define VERSION "0.4.1"
| #define STDC_HEADERS 1
| #define HAVE_SYS_TYPES_H 1
| #define HAVE_SYS_STAT_H 1
| #define HAVE_STDLIB_H 1
| #define HAVE_STRING_H 1
| #define HAVE_MEMORY_H 1
| #define HAVE_STRINGS_H 1
| #define HAVE_INTTYPES_H 1
| #define HAVE_STDINT_H 1
| #define HAVE_UNISTD_H 1
| #define HAVE_STDLIB_H 1
| #define HAVE_STRING_H 1
| #define HAVE_SYS_TIME_H 1
| #define HAVE_UNISTD_H 1
| #define HAVE__BOOL 1
| #define HAVE_STDBOOL_H 1
| /* end confdefs.h.  */
| /* Define floor to an innocuous variant, in case <limits.h> declares floor.
|    For example, HP-UX 11i <limits.h> declares gettimeofday.  */
| #define floor innocuous_floor
| 
| /* System header to define __stub macros and hopefully few prototypes,
|     which can conflict with char floor (); below.
|     Prefer <limits.h> to <assert.h> if __STDC__ is defined, since
|     <limits.h> exists even on freestanding compilers.  */
| 
| #ifdef __STDC__
| # include <limits.h>
| #else
| # include <assert.h>
| #endif
| 
| #undef floor
| 
| /* Override any GCC internal prototype to avoid an error.
|    Use char because int might match the return type of a GCC
|    builtin and then its argument prototype would still apply.  */
| #ifdef __cplusplus
| extern "C"
| #endif
| char floor ();
| /* The GNU C library defines this for functions which it implements
|     to always fail with ENOSYS.  Some functions are actually named
|     something starting with __ and the normal name is an alias.  */
| #if defined __stub_floor || defined __stub___floor
| choke me
| #endif
| 
| int
| main ()
| {
| return floor ();
|   ;
|   return 0;
| }
configure:5108: result: no
configure:5108: checking for getpagesize
configure:5108: gcc -o conftest -g -O2   conftest.c  >&5
configure:5108: $? = 0
configure:5108: result: yes
configure:5108: checking for memset
configure:5108: gcc -o conftest -g -O2   conftest.c  >&5
conftest.c:51:6: warning: conflicting types for built-in function 'memset'
 char memset ();
      ^
configure:5108: $? = 0
configure:5108: result: yes
configure:5108: checking for sqrt
configure:5108: gcc -o conftest -g -O2   conftest.c  >&5
conftest.c:52:6: warning: conflicting types for built-in function 'sqrt'
 char sqrt ();
      ^
/tmp/cc0sFXrH.o: In function `main':
/home/skyshell/limeSDR/kalibrate/kalibrate-lime/conftest.c:63: undefined reference to `sqrt'
collect2: error: ld returned 1 exit status
configure:5108: $? = 1
configure: failed program was:
| /* confdefs.h */
| #define PACKAGE_NAME "kalibrate"
| #define PACKAGE_TARNAME "kal"
| #define PACKAGE_VERSION "0.4.1"
| #define PACKAGE_STRING "kalibrate 0.4.1"
| #define PACKAGE_BUGREPORT "jl@thre.at"
| #define PACKAGE_URL ""
| #define PACKAGE "kal"
| #define VERSION "0.4.1"
| #define STDC_HEADERS 1
| #define HAVE_SYS_TYPES_H 1
| #define HAVE_SYS_STAT_H 1
| #define HAVE_STDLIB_H 1
| #define HAVE_STRING_H 1
| #define HAVE_MEMORY_H 1
| #define HAVE_STRINGS_H 1
| #define HAVE_INTTYPES_H 1
| #define HAVE_STDINT_H 1
| #define HAVE_UNISTD_H 1
| #define HAVE_STDLIB_H 1
| #define HAVE_STRING_H 1
| #define HAVE_SYS_TIME_H 1
| #define HAVE_UNISTD_H 1
| #define HAVE__BOOL 1
| #define HAVE_STDBOOL_H 1
| #define HAVE_GETPAGESIZE 1
| #define HAVE_MEMSET 1
| /* end confdefs.h.  */
| /* Define sqrt to an innocuous variant, in case <limits.h> declares sqrt.
|    For example, HP-UX 11i <limits.h> declares gettimeofday.  */
| #define sqrt innocuous_sqrt
| 
| /* System header to define __stub macros and hopefully few prototypes,
|     which can conflict with char sqrt (); below.
|     Prefer <limits.h> to <assert.h> if __STDC__ is defined, since
|     <limits.h> exists even on freestanding compilers.  */
| 
| #ifdef __STDC__
| # include <limits.h>
| #else
| # include <assert.h>
| #endif
| 
| #undef sqrt
| 
| /* Override any GCC internal prototype to avoid an error.
|    Use char because int might match the return type of a GCC
|    builtin and then its argument prototype would still apply.  */
| #ifdef __cplusplus
| extern "C"
| #endif
| char sqrt ();
| /* The GNU C library defines this for functions which it implements
|     to always fail with ENOSYS.  Some functions are actually named
|     something starting with __ and the normal name is an alias.  */
| #if defined __stub_sqrt || defined __stub___sqrt
| choke me
| #endif
| 
| int
| main ()
| {
| return sqrt ();
|   ;
|   return 0;
| }
configure:5108: result: no
configure:5108: checking for strtoul
configure:5108: gcc -o conftest -g -O2   conftest.c  >&5
configure:5108: $? = 0
configure:5108: result: yes
configure:5108: checking for strtol
configure:5108: gcc -o conftest -g -O2   conftest.c  >&5
configure:5108: $? = 0
configure:5108: result: yes
configure:5173: checking for pkg-config
configure:5191: found /usr/bin/pkg-config
configure:5203: result: /usr/bin/pkg-config
configure:5228: checking pkg-config is at least version 0.9.0
configure:5231: result: yes
configure:5241: checking for FFTW3
configure:5248: $PKG_CONFIG --exists --print-errors "fftw3 >= 3.0"
configure:5251: $? = 0
configure:5265: $PKG_CONFIG --exists --print-errors "fftw3 >= 3.0"
configure:5268: $? = 0
configure:5326: result: yes
configure:5336: checking for LIBLIMERF
configure:5343: $PKG_CONFIG --exists --print-errors "SoapySDR"
configure:5346: $? = 0
configure:5360: $PKG_CONFIG --exists --print-errors "SoapySDR"
configure:5363: $? = 0
configure:5421: result: yes
configure:5442: checking build system type
configure:5456: result: x86_64-pc-linux-gnu
configure:5476: checking host system type
configure:5489: result: x86_64-pc-linux-gnu
configure:5644: checking that generated files are newer than configure
configure:5650: result: done
configure:5685: creating ./config.status

## ---------------------- ##
## Running config.status. ##
## ---------------------- ##

This file was extended by kalibrate config.status 0.4.1, which was
generated by GNU Autoconf 2.69.  Invocation command line was

  CONFIG_FILES    = 
  CONFIG_HEADERS  = 
  CONFIG_LINKS    = 
  CONFIG_COMMANDS = 
  $ ./config.status 

on skyshell-pc

config.status:890: creating Makefile
config.status:890: creating src/Makefile
config.status:890: creating config.h
config.status:1119: executing depfiles commands

## ---------------- ##
## Cache variables. ##
## ---------------- ##

ac_cv_build=x86_64-pc-linux-gnu
ac_cv_c_compiler_gnu=yes
ac_cv_c_inline=inline
ac_cv_cxx_compiler_gnu=yes
ac_cv_env_CCC_set=
ac_cv_env_CCC_value=
ac_cv_env_CC_set=
ac_cv_env_CC_value=
ac_cv_env_CFLAGS_set=
ac_cv_env_CFLAGS_value=
ac_cv_env_CPPFLAGS_set=
ac_cv_env_CPPFLAGS_value=
ac_cv_env_CPP_set=
ac_cv_env_CPP_value=
ac_cv_env_CXXFLAGS_set=
ac_cv_env_CXXFLAGS_value=
ac_cv_env_CXX_set=
ac_cv_env_CXX_value=
ac_cv_env_FFTW3_CFLAGS_set=
ac_cv_env_FFTW3_CFLAGS_value=
ac_cv_env_FFTW3_LIBS_set=
ac_cv_env_FFTW3_LIBS_value=
ac_cv_env_LDFLAGS_set=
ac_cv_env_LDFLAGS_value=
ac_cv_env_LIBLIMERF_CFLAGS_set=
ac_cv_env_LIBLIMERF_CFLAGS_value=
ac_cv_env_LIBLIMERF_LIBS_set=
ac_cv_env_LIBLIMERF_LIBS_value=
ac_cv_env_LIBS_set=
ac_cv_env_LIBS_value=
ac_cv_env_PKG_CONFIG_LIBDIR_set=
ac_cv_env_PKG_CONFIG_LIBDIR_value=
ac_cv_env_PKG_CONFIG_PATH_set=
ac_cv_env_PKG_CONFIG_PATH_value=
ac_cv_env_PKG_CONFIG_set=
ac_cv_env_PKG_CONFIG_value=
ac_cv_env_build_alias_set=
ac_cv_env_build_alias_value=
ac_cv_env_host_alias_set=
ac_cv_env_host_alias_value=
ac_cv_env_target_alias_set=
ac_cv_env_target_alias_value=
ac_cv_func_floor=no
ac_cv_func_getpagesize=yes
ac_cv_func_memset=yes
ac_cv_func_sqrt=no
ac_cv_func_strtod=yes
ac_cv_func_strtol=yes
ac_cv_func_strtoul=yes
ac_cv_header_inttypes_h=yes
ac_cv_header_memory_h=yes
ac_cv_header_stdbool_h=yes
ac_cv_header_stdc=yes
ac_cv_header_stdint_h=yes
ac_cv_header_stdlib_h=yes
ac_cv_header_string_h=yes
ac_cv_header_strings_h=yes
ac_cv_header_sys_stat_h=yes
ac_cv_header_sys_time_h=yes
ac_cv_header_sys_types_h=yes
ac_cv_header_unistd_h=yes
ac_cv_host=x86_64-pc-linux-gnu
ac_cv_objext=o
ac_cv_path_EGREP='/bin/grep -E'
ac_cv_path_GREP=/bin/grep
ac_cv_path_ac_pt_PKG_CONFIG=/usr/bin/pkg-config
ac_cv_path_install='/usr/bin/install -c'
ac_cv_path_mkdir=/bin/mkdir
ac_cv_prog_AWK=mawk
ac_cv_prog_CPP='gcc -E'
ac_cv_prog_ac_ct_CC=gcc
ac_cv_prog_ac_ct_CXX=g++
ac_cv_prog_ac_ct_RANLIB=ranlib
ac_cv_prog_cc_c89=
ac_cv_prog_cc_g=yes
ac_cv_prog_cxx_g=yes
ac_cv_prog_make_make_set=yes
ac_cv_type__Bool=yes
am_cv_CC_dependencies_compiler_type=gcc3
am_cv_CXX_dependencies_compiler_type=gcc3
am_cv_make_support_nested_variables=yes
am_cv_prog_cc_c_o=yes
pkg_cv_FFTW3_CFLAGS=
pkg_cv_FFTW3_LIBS=-lfftw3
pkg_cv_LIBLIMERF_CFLAGS=
pkg_cv_LIBLIMERF_LIBS=-lSoapySDR

## ----------------- ##
## Output variables. ##
## ----------------- ##

ACLOCAL='${SHELL} /home/skyshell/limeSDR/kalibrate/kalibrate-lime/missing aclocal-1.15'
AMDEPBACKSLASH='\'
AMDEP_FALSE='#'
AMDEP_TRUE=''
AMTAR='$${TAR-tar}'
AM_BACKSLASH='\'
AM_DEFAULT_V='$(AM_DEFAULT_VERBOSITY)'
AM_DEFAULT_VERBOSITY='1'
AM_V='$(V)'
AUTOCONF='${SHELL} /home/skyshell/limeSDR/kalibrate/kalibrate-lime/missing autoconf'
AUTOHEADER='${SHELL} /home/skyshell/limeSDR/kalibrate/kalibrate-lime/missing autoheader'
AUTOMAKE='${SHELL} /home/skyshell/limeSDR/kalibrate/kalibrate-lime/missing automake-1.15'
AWK='mawk'
CC='gcc'
CCDEPMODE='depmode=gcc3'
CFLAGS='-g -O2'
CPP='gcc -E'
CPPFLAGS=''
CXX='g++'
CXXDEPMODE='depmode=gcc3'
CXXFLAGS='-g -O2'
CYGPATH_W='echo'
DARWIN_FALSE=''
DARWIN_TRUE='#'
DEFS='-DHAVE_CONFIG_H'
DEPDIR='.deps'
ECHO_C=''
ECHO_N='-n'
ECHO_T=''
EGREP='/bin/grep -E'
EXEEXT=''
FFTW3_CFLAGS=''
FFTW3_LIBS='-lfftw3'
GREP='/bin/grep'
INSTALL_DATA='${INSTALL} -m 644'
INSTALL_PROGRAM='${INSTALL}'
INSTALL_SCRIPT='${INSTALL}'
INSTALL_STRIP_PROGRAM='$(install_sh) -c -s'
LDFLAGS=''
LIBLIMERF_CFLAGS=''
LIBLIMERF_LIBS='-lSoapySDR'
LIBOBJS=''
LIBS=''
LN_S='ln -s'
LTLIBOBJS=''
MAKEINFO='${SHELL} /home/skyshell/limeSDR/kalibrate/kalibrate-lime/missing makeinfo'
MKDIR_P='/bin/mkdir -p'
OBJEXT='o'
PACKAGE='kal'
PACKAGE_BUGREPORT='jl@thre.at'
PACKAGE_NAME='kalibrate'
PACKAGE_STRING='kalibrate 0.4.1'
PACKAGE_TARNAME='kal'
PACKAGE_URL=''
PACKAGE_VERSION='0.4.1'
PATH_SEPARATOR=':'
PKG_CONFIG='/usr/bin/pkg-config'
PKG_CONFIG_LIBDIR=''
PKG_CONFIG_PATH=''
POW_LIB=''
RANLIB='ranlib'
SET_MAKE=''
SHELL='/bin/bash'
STRIP=''
VERSION='0.4.1'
ac_ct_CC='gcc'
ac_ct_CXX='g++'
am__EXEEXT_FALSE=''
am__EXEEXT_TRUE='#'
am__fastdepCC_FALSE='#'
am__fastdepCC_TRUE=''
am__fastdepCXX_FALSE='#'
am__fastdepCXX_TRUE=''
am__include='include'
am__isrc=''
am__leading_dot='.'
am__nodep='_no'
am__quote=''
am__tar='$${TAR-tar} chof - "$$tardir"'
am__untar='$${TAR-tar} xf -'
bindir='${exec_prefix}/bin'
build='x86_64-pc-linux-gnu'
build_alias=''
build_cpu='x86_64'
build_os='linux-gnu'
build_vendor='pc'
datadir='${datarootdir}'
datarootdir='${prefix}/share'
docdir='${datarootdir}/doc/${PACKAGE_TARNAME}'
dvidir='${docdir}'
exec_prefix='${prefix}'
host='x86_64-pc-linux-gnu'
host_alias=''
host_cpu='x86_64'
host_os='linux-gnu'
host_vendor='pc'
htmldir='${docdir}'
includedir='${prefix}/include'
infodir='${datarootdir}/info'
install_sh='${SHELL} /home/skyshell/limeSDR/kalibrate/kalibrate-lime/install-sh'
libdir='${exec_prefix}/lib'
libexecdir='${exec_prefix}/libexec'
localedir='${datarootdir}/locale'
localstatedir='${prefix}/var'
mandir='${datarootdir}/man'
mkdir_p='$(MKDIR_P)'
oldincludedir='/usr/include'
pdfdir='${docdir}'
prefix='/usr/local'
program_transform_name='s,x,x,'
psdir='${docdir}'
runstatedir='${localstatedir}/run'
sbindir='${exec_prefix}/sbin'
sharedstatedir='${prefix}/com'
sysconfdir='${prefix}/etc'
target_alias=''

## ----------- ##
## confdefs.h. ##
## ----------- ##

/* confdefs.h */
#define PACKAGE_NAME "kalibrate"
#define PACKAGE_TARNAME "kal"
#define PACKAGE_VERSION "0.4.1"
#define PACKAGE_STRING "kalibrate 0.4.1"
#define PACKAGE_BUGREPORT "jl@thre.at"
#define PACKAGE_URL ""
#define PACKAGE "kal"
#define VERSION "0.4.1"
#define STDC_HEADERS 1
#define HAVE_SYS_TYPES_H 1
#define HAVE_SYS_STAT_H 1
#define HAVE_STDLIB_H 1
#define HAVE_STRING_H 1
#define HAVE_MEMORY_H 1
#define HAVE_STRINGS_H 1
#define HAVE_INTTYPES_H 1
#define HAVE_STDINT_H 1
#define HAVE_UNISTD_H 1
#define HAVE_STDLIB_H 1
#define HAVE_STRING_H 1
#define HAVE_SYS_TIME_H 1
#define HAVE_UNISTD_H 1
#define HAVE__BOOL 1
#define HAVE_STDBOOL_H 1
#define HAVE_GETPAGESIZE 1
#define HAVE_MEMSET 1
#define HAVE_STRTOUL 1
#define HAVE_STRTOL 1

configure: exit 0

## ---------------------- ##
## Running config.status. ##
## ---------------------- ##

This file was extended by kalibrate config.status 0.4.1, which was
generated by GNU Autoconf 2.69.  Invocation command line was

  CONFIG_FILES    = 
  CONFIG_HEADERS  = 
  CONFIG_LINKS    = 
  CONFIG_COMMANDS = 
  $ ./config.status Makefile

on skyshell-pc

config.status:890: creating Makefile

## ---------------------- ##
## Running config.status. ##
## ---------------------- ##

This file was extended by kalibrate config.status 0.4.1, which was
generated by GNU Autoconf 2.69.  Invocation command line was

  CONFIG_FILES    = 
  CONFIG_HEADERS  = 
  CONFIG_LINKS    = 
  CONFIG_COMMANDS = 
  $ ./config.status config.h

on skyshell-pc

config.status:890: creating config.h
config.status:1071: config.h is unchanged

## ---------------------- ##
## Running config.status. ##
## ---------------------- ##

This file was extended by kalibrate config.status 0.4.1, which was
generated by GNU Autoconf 2.69.  Invocation command line was

  CONFIG_FILES    = 
  CONFIG_HEADERS  = 
  CONFIG_LINKS    = 
  CONFIG_COMMANDS = 
  $ ./config.status src/Makefile depfiles

on skyshell-pc

config.status:890: creating src/Makefile
config.status:1119: executing depfiles commands
